<?xml version="1.0" encoding="UTF-8"?>
<coverage generated="1619304362801" clover="3.2.0">
  <project timestamp="1619304362801" name="All files">
    <metrics statements="137" coveredstatements="137" conditionals="128" coveredconditionals="125" methods="5" coveredmethods="5" elements="270" coveredelements="267" complexity="0" loc="137" ncloc="137" packages="1" files="2" classes="2"/>
    <file name="ContentGenreToString.js" path="C:\Users\xwolf\Documents\GitHub\pro-moviematch\components\ContentGenreToString.js">
      <metrics statements="57" coveredstatements="57" conditionals="54" coveredconditionals="53" methods="1" coveredmethods="1"/>
      <line num="2" count="3" type="stmt"/>
      <line num="4" count="3" type="stmt"/>
      <line num="6" count="30" type="cond" truecount="2" falsecount="0"/>
      <line num="7" count="2" type="stmt"/>
      <line num="10" count="28" type="cond" truecount="2" falsecount="0"/>
      <line num="11" count="1" type="stmt"/>
      <line num="14" count="27" type="cond" truecount="2" falsecount="0"/>
      <line num="15" count="1" type="stmt"/>
      <line num="18" count="26" type="cond" truecount="2" falsecount="0"/>
      <line num="19" count="1" type="stmt"/>
      <line num="22" count="25" type="cond" truecount="2" falsecount="0"/>
      <line num="23" count="1" type="stmt"/>
      <line num="26" count="24" type="cond" truecount="2" falsecount="0"/>
      <line num="27" count="1" type="stmt"/>
      <line num="30" count="23" type="cond" truecount="2" falsecount="0"/>
      <line num="31" count="1" type="stmt"/>
      <line num="34" count="22" type="cond" truecount="2" falsecount="0"/>
      <line num="35" count="1" type="stmt"/>
      <line num="38" count="21" type="cond" truecount="2" falsecount="0"/>
      <line num="39" count="1" type="stmt"/>
      <line num="42" count="20" type="cond" truecount="2" falsecount="0"/>
      <line num="43" count="1" type="stmt"/>
      <line num="46" count="19" type="cond" truecount="2" falsecount="0"/>
      <line num="47" count="1" type="stmt"/>
      <line num="54" count="18" type="cond" truecount="2" falsecount="0"/>
      <line num="55" count="1" type="stmt"/>
      <line num="58" count="17" type="cond" truecount="2" falsecount="0"/>
      <line num="59" count="1" type="stmt"/>
      <line num="62" count="16" type="cond" truecount="2" falsecount="0"/>
      <line num="63" count="1" type="stmt"/>
      <line num="66" count="15" type="cond" truecount="2" falsecount="0"/>
      <line num="67" count="2" type="stmt"/>
      <line num="70" count="13" type="cond" truecount="2" falsecount="0"/>
      <line num="71" count="1" type="stmt"/>
      <line num="74" count="12" type="cond" truecount="2" falsecount="0"/>
      <line num="75" count="1" type="stmt"/>
      <line num="78" count="11" type="cond" truecount="2" falsecount="0"/>
      <line num="79" count="1" type="stmt"/>
      <line num="82" count="10" type="cond" truecount="2" falsecount="0"/>
      <line num="83" count="1" type="stmt"/>
      <line num="86" count="9" type="cond" truecount="2" falsecount="0"/>
      <line num="87" count="1" type="stmt"/>
      <line num="90" count="8" type="cond" truecount="2" falsecount="0"/>
      <line num="91" count="1" type="stmt"/>
      <line num="94" count="7" type="cond" truecount="2" falsecount="0"/>
      <line num="95" count="1" type="stmt"/>
      <line num="98" count="6" type="cond" truecount="2" falsecount="0"/>
      <line num="99" count="1" type="stmt"/>
      <line num="102" count="5" type="cond" truecount="2" falsecount="0"/>
      <line num="103" count="1" type="stmt"/>
      <line num="106" count="4" type="cond" truecount="2" falsecount="0"/>
      <line num="107" count="1" type="stmt"/>
      <line num="110" count="3" type="cond" truecount="2" falsecount="0"/>
      <line num="111" count="1" type="stmt"/>
      <line num="114" count="2" type="cond" truecount="1" falsecount="1"/>
      <line num="115" count="2" type="stmt"/>
      <line num="118" count="3" type="stmt"/>
    </file>
    <file name="Filters.js" path="C:\Users\xwolf\Documents\GitHub\pro-moviematch\components\Filters.js">
      <metrics statements="80" coveredstatements="80" conditionals="74" coveredconditionals="72" methods="4" coveredmethods="4"/>
      <line num="52" count="3" type="cond" truecount="2" falsecount="0"/>
      <line num="54" count="2" type="stmt"/>
      <line num="58" count="1" type="stmt"/>
      <line num="69" count="3" type="stmt"/>
      <line num="72" count="3" type="cond" truecount="1" falsecount="1"/>
      <line num="73" count="3" type="stmt"/>
      <line num="77" count="3" type="cond" truecount="2" falsecount="0"/>
      <line num="78" count="1" type="stmt"/>
      <line num="82" count="3" type="cond" truecount="2" falsecount="0"/>
      <line num="83" count="1" type="stmt"/>
      <line num="87" count="3" type="cond" truecount="2" falsecount="0"/>
      <line num="88" count="1" type="stmt"/>
      <line num="92" count="3" type="cond" truecount="2" falsecount="0"/>
      <line num="93" count="1" type="stmt"/>
      <line num="97" count="3" type="cond" truecount="2" falsecount="0"/>
      <line num="98" count="1" type="stmt"/>
      <line num="102" count="3" type="cond" truecount="2" falsecount="0"/>
      <line num="103" count="1" type="stmt"/>
      <line num="107" count="3" type="cond" truecount="2" falsecount="0"/>
      <line num="108" count="1" type="stmt"/>
      <line num="112" count="3" type="cond" truecount="2" falsecount="0"/>
      <line num="113" count="1" type="stmt"/>
      <line num="117" count="3" type="cond" truecount="2" falsecount="0"/>
      <line num="118" count="1" type="stmt"/>
      <line num="122" count="3" type="cond" truecount="2" falsecount="0"/>
      <line num="123" count="1" type="stmt"/>
      <line num="127" count="3" type="cond" truecount="2" falsecount="0"/>
      <line num="128" count="1" type="stmt"/>
      <line num="132" count="3" type="cond" truecount="2" falsecount="0"/>
      <line num="133" count="1" type="stmt"/>
      <line num="137" count="3" type="cond" truecount="2" falsecount="0"/>
      <line num="138" count="1" type="stmt"/>
      <line num="142" count="3" type="cond" truecount="2" falsecount="0"/>
      <line num="143" count="1" type="stmt"/>
      <line num="147" count="3" type="cond" truecount="2" falsecount="0"/>
      <line num="148" count="1" type="stmt"/>
      <line num="152" count="3" type="cond" truecount="2" falsecount="0"/>
      <line num="153" count="1" type="stmt"/>
      <line num="157" count="3" type="cond" truecount="2" falsecount="0"/>
      <line num="158" count="1" type="stmt"/>
      <line num="162" count="3" type="cond" truecount="2" falsecount="0"/>
      <line num="163" count="1" type="stmt"/>
      <line num="166" count="3" type="stmt"/>
      <line num="177" count="3" type="stmt"/>
      <line num="182" count="3" type="cond" truecount="2" falsecount="0"/>
      <line num="184" count="1" type="stmt"/>
      <line num="189" count="3" type="cond" truecount="2" falsecount="0"/>
      <line num="191" count="1" type="stmt"/>
      <line num="196" count="3" type="cond" truecount="2" falsecount="0"/>
      <line num="198" count="1" type="stmt"/>
      <line num="203" count="3" type="cond" truecount="2" falsecount="0"/>
      <line num="205" count="1" type="stmt"/>
      <line num="210" count="3" type="cond" truecount="2" falsecount="0"/>
      <line num="212" count="1" type="stmt"/>
      <line num="217" count="3" type="cond" truecount="2" falsecount="0"/>
      <line num="219" count="1" type="stmt"/>
      <line num="224" count="3" type="cond" truecount="2" falsecount="0"/>
      <line num="226" count="1" type="stmt"/>
      <line num="231" count="3" type="cond" truecount="2" falsecount="0"/>
      <line num="233" count="1" type="stmt"/>
      <line num="238" count="3" type="cond" truecount="2" falsecount="0"/>
      <line num="240" count="1" type="stmt"/>
      <line num="245" count="3" type="cond" truecount="2" falsecount="0"/>
      <line num="247" count="1" type="stmt"/>
      <line num="252" count="3" type="cond" truecount="2" falsecount="0"/>
      <line num="254" count="1" type="stmt"/>
      <line num="259" count="3" type="cond" truecount="2" falsecount="0"/>
      <line num="261" count="1" type="stmt"/>
      <line num="266" count="3" type="cond" truecount="2" falsecount="0"/>
      <line num="268" count="1" type="stmt"/>
      <line num="273" count="3" type="cond" truecount="2" falsecount="0"/>
      <line num="275" count="1" type="stmt"/>
      <line num="280" count="3" type="cond" truecount="2" falsecount="0"/>
      <line num="282" count="1" type="stmt"/>
      <line num="287" count="3" type="cond" truecount="1" falsecount="1"/>
      <line num="289" count="3" type="stmt"/>
      <line num="293" count="3" type="stmt"/>
      <line num="304" count="4" type="cond" truecount="2" falsecount="0"/>
      <line num="305" count="2" type="stmt"/>
      <line num="309" count="2" type="stmt"/>
    </file>
  </project>
</coverage>
