{"C:\\Users\\xwolf\\Documents\\GitHub\\pro-moviematch\\components\\ContentGenreToString.js": {"path":"C:\\Users\\xwolf\\Documents\\GitHub\\pro-moviematch\\components\\ContentGenreToString.js","statementMap":{"0":{"start":{"line":2,"column":24},"end":{"line":2,"column":26}},"1":{"start":{"line":4,"column":4},"end":{"line":117,"column":5}},"2":{"start":{"line":4,"column":17},"end":{"line":4,"column":18}},"3":{"start":{"line":6,"column":8},"end":{"line":116,"column":9}},"4":{"start":{"line":7,"column":12},"end":{"line":7,"column":41}},"5":{"start":{"line":10,"column":13},"end":{"line":116,"column":9}},"6":{"start":{"line":11,"column":12},"end":{"line":11,"column":44}},"7":{"start":{"line":14,"column":13},"end":{"line":116,"column":9}},"8":{"start":{"line":15,"column":12},"end":{"line":15,"column":44}},"9":{"start":{"line":18,"column":13},"end":{"line":116,"column":9}},"10":{"start":{"line":19,"column":12},"end":{"line":19,"column":41}},"11":{"start":{"line":22,"column":13},"end":{"line":116,"column":9}},"12":{"start":{"line":23,"column":12},"end":{"line":23,"column":40}},"13":{"start":{"line":26,"column":13},"end":{"line":116,"column":9}},"14":{"start":{"line":27,"column":12},"end":{"line":27,"column":46}},"15":{"start":{"line":30,"column":13},"end":{"line":116,"column":9}},"16":{"start":{"line":31,"column":12},"end":{"line":31,"column":40}},"17":{"start":{"line":34,"column":13},"end":{"line":116,"column":9}},"18":{"start":{"line":35,"column":12},"end":{"line":35,"column":40}},"19":{"start":{"line":38,"column":13},"end":{"line":116,"column":9}},"20":{"start":{"line":39,"column":12},"end":{"line":39,"column":42}},"21":{"start":{"line":42,"column":13},"end":{"line":116,"column":9}},"22":{"start":{"line":43,"column":12},"end":{"line":43,"column":42}},"23":{"start":{"line":46,"column":13},"end":{"line":116,"column":9}},"24":{"start":{"line":47,"column":12},"end":{"line":47,"column":41}},"25":{"start":{"line":54,"column":13},"end":{"line":116,"column":9}},"26":{"start":{"line":55,"column":12},"end":{"line":55,"column":42}},"27":{"start":{"line":58,"column":13},"end":{"line":116,"column":9}},"28":{"start":{"line":59,"column":12},"end":{"line":59,"column":42}},"29":{"start":{"line":62,"column":13},"end":{"line":116,"column":9}},"30":{"start":{"line":63,"column":12},"end":{"line":63,"column":50}},"31":{"start":{"line":66,"column":13},"end":{"line":116,"column":9}},"32":{"start":{"line":67,"column":12},"end":{"line":67,"column":40}},"33":{"start":{"line":70,"column":13},"end":{"line":116,"column":9}},"34":{"start":{"line":71,"column":12},"end":{"line":71,"column":43}},"35":{"start":{"line":74,"column":13},"end":{"line":116,"column":9}},"36":{"start":{"line":75,"column":12},"end":{"line":75,"column":43}},"37":{"start":{"line":78,"column":13},"end":{"line":116,"column":9}},"38":{"start":{"line":79,"column":12},"end":{"line":79,"column":38}},"39":{"start":{"line":82,"column":13},"end":{"line":116,"column":9}},"40":{"start":{"line":83,"column":12},"end":{"line":83,"column":42}},"41":{"start":{"line":86,"column":13},"end":{"line":116,"column":9}},"42":{"start":{"line":87,"column":12},"end":{"line":87,"column":53}},"43":{"start":{"line":90,"column":13},"end":{"line":116,"column":9}},"44":{"start":{"line":91,"column":12},"end":{"line":91,"column":39}},"45":{"start":{"line":94,"column":13},"end":{"line":116,"column":9}},"46":{"start":{"line":95,"column":12},"end":{"line":95,"column":39}},"47":{"start":{"line":98,"column":13},"end":{"line":116,"column":9}},"48":{"start":{"line":99,"column":12},"end":{"line":99,"column":42}},"49":{"start":{"line":102,"column":13},"end":{"line":116,"column":9}},"50":{"start":{"line":103,"column":12},"end":{"line":103,"column":51}},"51":{"start":{"line":106,"column":13},"end":{"line":116,"column":9}},"52":{"start":{"line":107,"column":12},"end":{"line":107,"column":39}},"53":{"start":{"line":110,"column":13},"end":{"line":116,"column":9}},"54":{"start":{"line":111,"column":12},"end":{"line":111,"column":39}},"55":{"start":{"line":114,"column":13},"end":{"line":116,"column":9}},"56":{"start":{"line":115,"column":12},"end":{"line":115,"column":49}},"57":{"start":{"line":118,"column":4},"end":{"line":118,"column":36}}},"fnMap":{"0":{"name":"genreToString","decl":{"start":{"line":1,"column":16},"end":{"line":1,"column":29}},"loc":{"start":{"line":1,"column":41},"end":{"line":119,"column":1}},"line":1}},"branchMap":{"0":{"loc":{"start":{"line":6,"column":8},"end":{"line":116,"column":9}},"type":"if","locations":[{"start":{"line":6,"column":8},"end":{"line":116,"column":9}},{"start":{"line":6,"column":8},"end":{"line":116,"column":9}}],"line":6},"1":{"loc":{"start":{"line":10,"column":13},"end":{"line":116,"column":9}},"type":"if","locations":[{"start":{"line":10,"column":13},"end":{"line":116,"column":9}},{"start":{"line":10,"column":13},"end":{"line":116,"column":9}}],"line":10},"2":{"loc":{"start":{"line":14,"column":13},"end":{"line":116,"column":9}},"type":"if","locations":[{"start":{"line":14,"column":13},"end":{"line":116,"column":9}},{"start":{"line":14,"column":13},"end":{"line":116,"column":9}}],"line":14},"3":{"loc":{"start":{"line":18,"column":13},"end":{"line":116,"column":9}},"type":"if","locations":[{"start":{"line":18,"column":13},"end":{"line":116,"column":9}},{"start":{"line":18,"column":13},"end":{"line":116,"column":9}}],"line":18},"4":{"loc":{"start":{"line":22,"column":13},"end":{"line":116,"column":9}},"type":"if","locations":[{"start":{"line":22,"column":13},"end":{"line":116,"column":9}},{"start":{"line":22,"column":13},"end":{"line":116,"column":9}}],"line":22},"5":{"loc":{"start":{"line":26,"column":13},"end":{"line":116,"column":9}},"type":"if","locations":[{"start":{"line":26,"column":13},"end":{"line":116,"column":9}},{"start":{"line":26,"column":13},"end":{"line":116,"column":9}}],"line":26},"6":{"loc":{"start":{"line":30,"column":13},"end":{"line":116,"column":9}},"type":"if","locations":[{"start":{"line":30,"column":13},"end":{"line":116,"column":9}},{"start":{"line":30,"column":13},"end":{"line":116,"column":9}}],"line":30},"7":{"loc":{"start":{"line":34,"column":13},"end":{"line":116,"column":9}},"type":"if","locations":[{"start":{"line":34,"column":13},"end":{"line":116,"column":9}},{"start":{"line":34,"column":13},"end":{"line":116,"column":9}}],"line":34},"8":{"loc":{"start":{"line":38,"column":13},"end":{"line":116,"column":9}},"type":"if","locations":[{"start":{"line":38,"column":13},"end":{"line":116,"column":9}},{"start":{"line":38,"column":13},"end":{"line":116,"column":9}}],"line":38},"9":{"loc":{"start":{"line":42,"column":13},"end":{"line":116,"column":9}},"type":"if","locations":[{"start":{"line":42,"column":13},"end":{"line":116,"column":9}},{"start":{"line":42,"column":13},"end":{"line":116,"column":9}}],"line":42},"10":{"loc":{"start":{"line":46,"column":13},"end":{"line":116,"column":9}},"type":"if","locations":[{"start":{"line":46,"column":13},"end":{"line":116,"column":9}},{"start":{"line":46,"column":13},"end":{"line":116,"column":9}}],"line":46},"11":{"loc":{"start":{"line":54,"column":13},"end":{"line":116,"column":9}},"type":"if","locations":[{"start":{"line":54,"column":13},"end":{"line":116,"column":9}},{"start":{"line":54,"column":13},"end":{"line":116,"column":9}}],"line":54},"12":{"loc":{"start":{"line":58,"column":13},"end":{"line":116,"column":9}},"type":"if","locations":[{"start":{"line":58,"column":13},"end":{"line":116,"column":9}},{"start":{"line":58,"column":13},"end":{"line":116,"column":9}}],"line":58},"13":{"loc":{"start":{"line":62,"column":13},"end":{"line":116,"column":9}},"type":"if","locations":[{"start":{"line":62,"column":13},"end":{"line":116,"column":9}},{"start":{"line":62,"column":13},"end":{"line":116,"column":9}}],"line":62},"14":{"loc":{"start":{"line":66,"column":13},"end":{"line":116,"column":9}},"type":"if","locations":[{"start":{"line":66,"column":13},"end":{"line":116,"column":9}},{"start":{"line":66,"column":13},"end":{"line":116,"column":9}}],"line":66},"15":{"loc":{"start":{"line":70,"column":13},"end":{"line":116,"column":9}},"type":"if","locations":[{"start":{"line":70,"column":13},"end":{"line":116,"column":9}},{"start":{"line":70,"column":13},"end":{"line":116,"column":9}}],"line":70},"16":{"loc":{"start":{"line":74,"column":13},"end":{"line":116,"column":9}},"type":"if","locations":[{"start":{"line":74,"column":13},"end":{"line":116,"column":9}},{"start":{"line":74,"column":13},"end":{"line":116,"column":9}}],"line":74},"17":{"loc":{"start":{"line":78,"column":13},"end":{"line":116,"column":9}},"type":"if","locations":[{"start":{"line":78,"column":13},"end":{"line":116,"column":9}},{"start":{"line":78,"column":13},"end":{"line":116,"column":9}}],"line":78},"18":{"loc":{"start":{"line":82,"column":13},"end":{"line":116,"column":9}},"type":"if","locations":[{"start":{"line":82,"column":13},"end":{"line":116,"column":9}},{"start":{"line":82,"column":13},"end":{"line":116,"column":9}}],"line":82},"19":{"loc":{"start":{"line":86,"column":13},"end":{"line":116,"column":9}},"type":"if","locations":[{"start":{"line":86,"column":13},"end":{"line":116,"column":9}},{"start":{"line":86,"column":13},"end":{"line":116,"column":9}}],"line":86},"20":{"loc":{"start":{"line":90,"column":13},"end":{"line":116,"column":9}},"type":"if","locations":[{"start":{"line":90,"column":13},"end":{"line":116,"column":9}},{"start":{"line":90,"column":13},"end":{"line":116,"column":9}}],"line":90},"21":{"loc":{"start":{"line":94,"column":13},"end":{"line":116,"column":9}},"type":"if","locations":[{"start":{"line":94,"column":13},"end":{"line":116,"column":9}},{"start":{"line":94,"column":13},"end":{"line":116,"column":9}}],"line":94},"22":{"loc":{"start":{"line":98,"column":13},"end":{"line":116,"column":9}},"type":"if","locations":[{"start":{"line":98,"column":13},"end":{"line":116,"column":9}},{"start":{"line":98,"column":13},"end":{"line":116,"column":9}}],"line":98},"23":{"loc":{"start":{"line":102,"column":13},"end":{"line":116,"column":9}},"type":"if","locations":[{"start":{"line":102,"column":13},"end":{"line":116,"column":9}},{"start":{"line":102,"column":13},"end":{"line":116,"column":9}}],"line":102},"24":{"loc":{"start":{"line":106,"column":13},"end":{"line":116,"column":9}},"type":"if","locations":[{"start":{"line":106,"column":13},"end":{"line":116,"column":9}},{"start":{"line":106,"column":13},"end":{"line":116,"column":9}}],"line":106},"25":{"loc":{"start":{"line":110,"column":13},"end":{"line":116,"column":9}},"type":"if","locations":[{"start":{"line":110,"column":13},"end":{"line":116,"column":9}},{"start":{"line":110,"column":13},"end":{"line":116,"column":9}}],"line":110},"26":{"loc":{"start":{"line":114,"column":13},"end":{"line":116,"column":9}},"type":"if","locations":[{"start":{"line":114,"column":13},"end":{"line":116,"column":9}},{"start":{"line":114,"column":13},"end":{"line":116,"column":9}}],"line":114}},"s":{"0":3,"1":3,"2":3,"3":30,"4":2,"5":28,"6":1,"7":27,"8":1,"9":26,"10":1,"11":25,"12":1,"13":24,"14":1,"15":23,"16":1,"17":22,"18":1,"19":21,"20":1,"21":20,"22":1,"23":19,"24":1,"25":18,"26":1,"27":17,"28":1,"29":16,"30":1,"31":15,"32":2,"33":13,"34":1,"35":12,"36":1,"37":11,"38":1,"39":10,"40":1,"41":9,"42":1,"43":8,"44":1,"45":7,"46":1,"47":6,"48":1,"49":5,"50":1,"51":4,"52":1,"53":3,"54":1,"55":2,"56":2,"57":3},"f":{"0":3},"b":{"0":[2,28],"1":[1,27],"2":[1,26],"3":[1,25],"4":[1,24],"5":[1,23],"6":[1,22],"7":[1,21],"8":[1,20],"9":[1,19],"10":[1,18],"11":[1,17],"12":[1,16],"13":[1,15],"14":[2,13],"15":[1,12],"16":[1,11],"17":[1,10],"18":[1,9],"19":[1,8],"20":[1,7],"21":[1,6],"22":[1,5],"23":[1,4],"24":[1,3],"25":[1,2],"26":[2,0]},"_coverageSchema":"1a1c01bbd47fc00a2c39e90264f33305004495a9","hash":"efa3c756531a8e6c4ecefa8e07411537f53de8b3"}
,"C:\\Users\\xwolf\\Documents\\GitHub\\pro-moviematch\\components\\Filters.js": {"path":"C:\\Users\\xwolf\\Documents\\GitHub\\pro-moviematch\\components\\Filters.js","statementMap":{"0":{"start":{"line":52,"column":4},"end":{"line":56,"column":5}},"1":{"start":{"line":54,"column":6},"end":{"line":54,"column":235}},"2":{"start":{"line":58,"column":4},"end":{"line":58,"column":236}},"3":{"start":{"line":69,"column":14},"end":{"line":69,"column":16}},"4":{"start":{"line":72,"column":4},"end":{"line":74,"column":7}},"5":{"start":{"line":73,"column":8},"end":{"line":73,"column":21}},"6":{"start":{"line":77,"column":6},"end":{"line":79,"column":7}},"7":{"start":{"line":78,"column":8},"end":{"line":78,"column":21}},"8":{"start":{"line":82,"column":6},"end":{"line":84,"column":7}},"9":{"start":{"line":83,"column":8},"end":{"line":83,"column":21}},"10":{"start":{"line":87,"column":6},"end":{"line":89,"column":7}},"11":{"start":{"line":88,"column":8},"end":{"line":88,"column":21}},"12":{"start":{"line":92,"column":6},"end":{"line":94,"column":7}},"13":{"start":{"line":93,"column":8},"end":{"line":93,"column":21}},"14":{"start":{"line":97,"column":6},"end":{"line":99,"column":7}},"15":{"start":{"line":98,"column":8},"end":{"line":98,"column":21}},"16":{"start":{"line":102,"column":6},"end":{"line":104,"column":7}},"17":{"start":{"line":103,"column":8},"end":{"line":103,"column":21}},"18":{"start":{"line":107,"column":6},"end":{"line":109,"column":7}},"19":{"start":{"line":108,"column":8},"end":{"line":108,"column":24}},"20":{"start":{"line":112,"column":6},"end":{"line":114,"column":7}},"21":{"start":{"line":113,"column":8},"end":{"line":113,"column":21}},"22":{"start":{"line":117,"column":6},"end":{"line":119,"column":7}},"23":{"start":{"line":118,"column":8},"end":{"line":118,"column":21}},"24":{"start":{"line":122,"column":6},"end":{"line":124,"column":7}},"25":{"start":{"line":123,"column":8},"end":{"line":123,"column":21}},"26":{"start":{"line":127,"column":6},"end":{"line":129,"column":7}},"27":{"start":{"line":128,"column":8},"end":{"line":128,"column":24}},"28":{"start":{"line":132,"column":6},"end":{"line":134,"column":7}},"29":{"start":{"line":133,"column":8},"end":{"line":133,"column":23}},"30":{"start":{"line":137,"column":6},"end":{"line":139,"column":7}},"31":{"start":{"line":138,"column":8},"end":{"line":138,"column":24}},"32":{"start":{"line":142,"column":6},"end":{"line":144,"column":7}},"33":{"start":{"line":143,"column":8},"end":{"line":143,"column":22}},"34":{"start":{"line":147,"column":6},"end":{"line":149,"column":7}},"35":{"start":{"line":148,"column":8},"end":{"line":148,"column":24}},"36":{"start":{"line":152,"column":6},"end":{"line":154,"column":7}},"37":{"start":{"line":153,"column":8},"end":{"line":153,"column":21}},"38":{"start":{"line":157,"column":6},"end":{"line":159,"column":7}},"39":{"start":{"line":158,"column":8},"end":{"line":158,"column":24}},"40":{"start":{"line":162,"column":6},"end":{"line":164,"column":7}},"41":{"start":{"line":163,"column":8},"end":{"line":163,"column":21}},"42":{"start":{"line":166,"column":4},"end":{"line":166,"column":15}},"43":{"start":{"line":177,"column":14},"end":{"line":177,"column":16}},"44":{"start":{"line":182,"column":6},"end":{"line":186,"column":7}},"45":{"start":{"line":184,"column":8},"end":{"line":184,"column":24}},"46":{"start":{"line":189,"column":6},"end":{"line":193,"column":7}},"47":{"start":{"line":191,"column":8},"end":{"line":191,"column":21}},"48":{"start":{"line":196,"column":6},"end":{"line":200,"column":7}},"49":{"start":{"line":198,"column":8},"end":{"line":198,"column":21}},"50":{"start":{"line":203,"column":6},"end":{"line":207,"column":7}},"51":{"start":{"line":205,"column":8},"end":{"line":205,"column":21}},"52":{"start":{"line":210,"column":6},"end":{"line":214,"column":7}},"53":{"start":{"line":212,"column":8},"end":{"line":212,"column":21}},"54":{"start":{"line":217,"column":6},"end":{"line":221,"column":7}},"55":{"start":{"line":219,"column":8},"end":{"line":219,"column":21}},"56":{"start":{"line":224,"column":6},"end":{"line":228,"column":7}},"57":{"start":{"line":226,"column":8},"end":{"line":226,"column":24}},"58":{"start":{"line":231,"column":6},"end":{"line":235,"column":7}},"59":{"start":{"line":233,"column":8},"end":{"line":233,"column":24}},"60":{"start":{"line":238,"column":6},"end":{"line":242,"column":7}},"61":{"start":{"line":240,"column":8},"end":{"line":240,"column":23}},"62":{"start":{"line":245,"column":6},"end":{"line":249,"column":7}},"63":{"start":{"line":247,"column":8},"end":{"line":247,"column":24}},"64":{"start":{"line":252,"column":6},"end":{"line":256,"column":7}},"65":{"start":{"line":254,"column":8},"end":{"line":254,"column":24}},"66":{"start":{"line":259,"column":6},"end":{"line":263,"column":7}},"67":{"start":{"line":261,"column":8},"end":{"line":261,"column":24}},"68":{"start":{"line":266,"column":6},"end":{"line":270,"column":7}},"69":{"start":{"line":268,"column":8},"end":{"line":268,"column":24}},"70":{"start":{"line":273,"column":6},"end":{"line":277,"column":7}},"71":{"start":{"line":275,"column":8},"end":{"line":275,"column":24}},"72":{"start":{"line":280,"column":6},"end":{"line":284,"column":7}},"73":{"start":{"line":282,"column":8},"end":{"line":282,"column":24}},"74":{"start":{"line":287,"column":6},"end":{"line":291,"column":7}},"75":{"start":{"line":289,"column":8},"end":{"line":289,"column":21}},"76":{"start":{"line":293,"column":4},"end":{"line":293,"column":15}},"77":{"start":{"line":304,"column":4},"end":{"line":307,"column":5}},"78":{"start":{"line":305,"column":6},"end":{"line":305,"column":41}},"79":{"start":{"line":309,"column":4},"end":{"line":309,"column":43}}},"fnMap":{"0":{"name":"contentMovieOrTV","decl":{"start":{"line":48,"column":16},"end":{"line":48,"column":32}},"loc":{"start":{"line":48,"column":62},"end":{"line":59,"column":3}},"line":48},"1":{"name":"movieGenresFilter","decl":{"start":{"line":67,"column":16},"end":{"line":67,"column":33}},"loc":{"start":{"line":67,"column":48},"end":{"line":167,"column":1}},"line":67},"2":{"name":"tvGenresFilter","decl":{"start":{"line":175,"column":16},"end":{"line":175,"column":30}},"loc":{"start":{"line":175,"column":45},"end":{"line":294,"column":1}},"line":175},"3":{"name":"genreToArr","decl":{"start":{"line":302,"column":16},"end":{"line":302,"column":26}},"loc":{"start":{"line":302,"column":54},"end":{"line":311,"column":3}},"line":302}},"branchMap":{"0":{"loc":{"start":{"line":52,"column":4},"end":{"line":56,"column":5}},"type":"if","locations":[{"start":{"line":52,"column":4},"end":{"line":56,"column":5}},{"start":{"line":52,"column":4},"end":{"line":56,"column":5}}],"line":52},"1":{"loc":{"start":{"line":72,"column":4},"end":{"line":74,"column":7}},"type":"if","locations":[{"start":{"line":72,"column":4},"end":{"line":74,"column":7}},{"start":{"line":72,"column":4},"end":{"line":74,"column":7}}],"line":72},"2":{"loc":{"start":{"line":77,"column":6},"end":{"line":79,"column":7}},"type":"if","locations":[{"start":{"line":77,"column":6},"end":{"line":79,"column":7}},{"start":{"line":77,"column":6},"end":{"line":79,"column":7}}],"line":77},"3":{"loc":{"start":{"line":82,"column":6},"end":{"line":84,"column":7}},"type":"if","locations":[{"start":{"line":82,"column":6},"end":{"line":84,"column":7}},{"start":{"line":82,"column":6},"end":{"line":84,"column":7}}],"line":82},"4":{"loc":{"start":{"line":87,"column":6},"end":{"line":89,"column":7}},"type":"if","locations":[{"start":{"line":87,"column":6},"end":{"line":89,"column":7}},{"start":{"line":87,"column":6},"end":{"line":89,"column":7}}],"line":87},"5":{"loc":{"start":{"line":92,"column":6},"end":{"line":94,"column":7}},"type":"if","locations":[{"start":{"line":92,"column":6},"end":{"line":94,"column":7}},{"start":{"line":92,"column":6},"end":{"line":94,"column":7}}],"line":92},"6":{"loc":{"start":{"line":97,"column":6},"end":{"line":99,"column":7}},"type":"if","locations":[{"start":{"line":97,"column":6},"end":{"line":99,"column":7}},{"start":{"line":97,"column":6},"end":{"line":99,"column":7}}],"line":97},"7":{"loc":{"start":{"line":102,"column":6},"end":{"line":104,"column":7}},"type":"if","locations":[{"start":{"line":102,"column":6},"end":{"line":104,"column":7}},{"start":{"line":102,"column":6},"end":{"line":104,"column":7}}],"line":102},"8":{"loc":{"start":{"line":107,"column":6},"end":{"line":109,"column":7}},"type":"if","locations":[{"start":{"line":107,"column":6},"end":{"line":109,"column":7}},{"start":{"line":107,"column":6},"end":{"line":109,"column":7}}],"line":107},"9":{"loc":{"start":{"line":112,"column":6},"end":{"line":114,"column":7}},"type":"if","locations":[{"start":{"line":112,"column":6},"end":{"line":114,"column":7}},{"start":{"line":112,"column":6},"end":{"line":114,"column":7}}],"line":112},"10":{"loc":{"start":{"line":117,"column":6},"end":{"line":119,"column":7}},"type":"if","locations":[{"start":{"line":117,"column":6},"end":{"line":119,"column":7}},{"start":{"line":117,"column":6},"end":{"line":119,"column":7}}],"line":117},"11":{"loc":{"start":{"line":122,"column":6},"end":{"line":124,"column":7}},"type":"if","locations":[{"start":{"line":122,"column":6},"end":{"line":124,"column":7}},{"start":{"line":122,"column":6},"end":{"line":124,"column":7}}],"line":122},"12":{"loc":{"start":{"line":127,"column":6},"end":{"line":129,"column":7}},"type":"if","locations":[{"start":{"line":127,"column":6},"end":{"line":129,"column":7}},{"start":{"line":127,"column":6},"end":{"line":129,"column":7}}],"line":127},"13":{"loc":{"start":{"line":132,"column":6},"end":{"line":134,"column":7}},"type":"if","locations":[{"start":{"line":132,"column":6},"end":{"line":134,"column":7}},{"start":{"line":132,"column":6},"end":{"line":134,"column":7}}],"line":132},"14":{"loc":{"start":{"line":137,"column":6},"end":{"line":139,"column":7}},"type":"if","locations":[{"start":{"line":137,"column":6},"end":{"line":139,"column":7}},{"start":{"line":137,"column":6},"end":{"line":139,"column":7}}],"line":137},"15":{"loc":{"start":{"line":142,"column":6},"end":{"line":144,"column":7}},"type":"if","locations":[{"start":{"line":142,"column":6},"end":{"line":144,"column":7}},{"start":{"line":142,"column":6},"end":{"line":144,"column":7}}],"line":142},"16":{"loc":{"start":{"line":147,"column":6},"end":{"line":149,"column":7}},"type":"if","locations":[{"start":{"line":147,"column":6},"end":{"line":149,"column":7}},{"start":{"line":147,"column":6},"end":{"line":149,"column":7}}],"line":147},"17":{"loc":{"start":{"line":152,"column":6},"end":{"line":154,"column":7}},"type":"if","locations":[{"start":{"line":152,"column":6},"end":{"line":154,"column":7}},{"start":{"line":152,"column":6},"end":{"line":154,"column":7}}],"line":152},"18":{"loc":{"start":{"line":157,"column":6},"end":{"line":159,"column":7}},"type":"if","locations":[{"start":{"line":157,"column":6},"end":{"line":159,"column":7}},{"start":{"line":157,"column":6},"end":{"line":159,"column":7}}],"line":157},"19":{"loc":{"start":{"line":162,"column":6},"end":{"line":164,"column":7}},"type":"if","locations":[{"start":{"line":162,"column":6},"end":{"line":164,"column":7}},{"start":{"line":162,"column":6},"end":{"line":164,"column":7}}],"line":162},"20":{"loc":{"start":{"line":182,"column":6},"end":{"line":186,"column":7}},"type":"if","locations":[{"start":{"line":182,"column":6},"end":{"line":186,"column":7}},{"start":{"line":182,"column":6},"end":{"line":186,"column":7}}],"line":182},"21":{"loc":{"start":{"line":189,"column":6},"end":{"line":193,"column":7}},"type":"if","locations":[{"start":{"line":189,"column":6},"end":{"line":193,"column":7}},{"start":{"line":189,"column":6},"end":{"line":193,"column":7}}],"line":189},"22":{"loc":{"start":{"line":196,"column":6},"end":{"line":200,"column":7}},"type":"if","locations":[{"start":{"line":196,"column":6},"end":{"line":200,"column":7}},{"start":{"line":196,"column":6},"end":{"line":200,"column":7}}],"line":196},"23":{"loc":{"start":{"line":203,"column":6},"end":{"line":207,"column":7}},"type":"if","locations":[{"start":{"line":203,"column":6},"end":{"line":207,"column":7}},{"start":{"line":203,"column":6},"end":{"line":207,"column":7}}],"line":203},"24":{"loc":{"start":{"line":210,"column":6},"end":{"line":214,"column":7}},"type":"if","locations":[{"start":{"line":210,"column":6},"end":{"line":214,"column":7}},{"start":{"line":210,"column":6},"end":{"line":214,"column":7}}],"line":210},"25":{"loc":{"start":{"line":217,"column":6},"end":{"line":221,"column":7}},"type":"if","locations":[{"start":{"line":217,"column":6},"end":{"line":221,"column":7}},{"start":{"line":217,"column":6},"end":{"line":221,"column":7}}],"line":217},"26":{"loc":{"start":{"line":224,"column":6},"end":{"line":228,"column":7}},"type":"if","locations":[{"start":{"line":224,"column":6},"end":{"line":228,"column":7}},{"start":{"line":224,"column":6},"end":{"line":228,"column":7}}],"line":224},"27":{"loc":{"start":{"line":231,"column":6},"end":{"line":235,"column":7}},"type":"if","locations":[{"start":{"line":231,"column":6},"end":{"line":235,"column":7}},{"start":{"line":231,"column":6},"end":{"line":235,"column":7}}],"line":231},"28":{"loc":{"start":{"line":238,"column":6},"end":{"line":242,"column":7}},"type":"if","locations":[{"start":{"line":238,"column":6},"end":{"line":242,"column":7}},{"start":{"line":238,"column":6},"end":{"line":242,"column":7}}],"line":238},"29":{"loc":{"start":{"line":245,"column":6},"end":{"line":249,"column":7}},"type":"if","locations":[{"start":{"line":245,"column":6},"end":{"line":249,"column":7}},{"start":{"line":245,"column":6},"end":{"line":249,"column":7}}],"line":245},"30":{"loc":{"start":{"line":252,"column":6},"end":{"line":256,"column":7}},"type":"if","locations":[{"start":{"line":252,"column":6},"end":{"line":256,"column":7}},{"start":{"line":252,"column":6},"end":{"line":256,"column":7}}],"line":252},"31":{"loc":{"start":{"line":259,"column":6},"end":{"line":263,"column":7}},"type":"if","locations":[{"start":{"line":259,"column":6},"end":{"line":263,"column":7}},{"start":{"line":259,"column":6},"end":{"line":263,"column":7}}],"line":259},"32":{"loc":{"start":{"line":266,"column":6},"end":{"line":270,"column":7}},"type":"if","locations":[{"start":{"line":266,"column":6},"end":{"line":270,"column":7}},{"start":{"line":266,"column":6},"end":{"line":270,"column":7}}],"line":266},"33":{"loc":{"start":{"line":273,"column":6},"end":{"line":277,"column":7}},"type":"if","locations":[{"start":{"line":273,"column":6},"end":{"line":277,"column":7}},{"start":{"line":273,"column":6},"end":{"line":277,"column":7}}],"line":273},"34":{"loc":{"start":{"line":280,"column":6},"end":{"line":284,"column":7}},"type":"if","locations":[{"start":{"line":280,"column":6},"end":{"line":284,"column":7}},{"start":{"line":280,"column":6},"end":{"line":284,"column":7}}],"line":280},"35":{"loc":{"start":{"line":287,"column":6},"end":{"line":291,"column":7}},"type":"if","locations":[{"start":{"line":287,"column":6},"end":{"line":291,"column":7}},{"start":{"line":287,"column":6},"end":{"line":291,"column":7}}],"line":287},"36":{"loc":{"start":{"line":304,"column":4},"end":{"line":307,"column":5}},"type":"if","locations":[{"start":{"line":304,"column":4},"end":{"line":307,"column":5}},{"start":{"line":304,"column":4},"end":{"line":307,"column":5}}],"line":304}},"s":{"0":3,"1":2,"2":1,"3":3,"4":3,"5":3,"6":3,"7":1,"8":3,"9":1,"10":3,"11":1,"12":3,"13":1,"14":3,"15":1,"16":3,"17":1,"18":3,"19":1,"20":3,"21":1,"22":3,"23":1,"24":3,"25":1,"26":3,"27":1,"28":3,"29":1,"30":3,"31":1,"32":3,"33":1,"34":3,"35":1,"36":3,"37":1,"38":3,"39":1,"40":3,"41":1,"42":3,"43":3,"44":3,"45":1,"46":3,"47":1,"48":3,"49":1,"50":3,"51":1,"52":3,"53":1,"54":3,"55":1,"56":3,"57":1,"58":3,"59":1,"60":3,"61":1,"62":3,"63":1,"64":3,"65":1,"66":3,"67":1,"68":3,"69":1,"70":3,"71":1,"72":3,"73":1,"74":3,"75":3,"76":3,"77":4,"78":2,"79":2},"f":{"0":3,"1":3,"2":3,"3":4},"b":{"0":[2,1],"1":[3,0],"2":[1,2],"3":[1,2],"4":[1,2],"5":[1,2],"6":[1,2],"7":[1,2],"8":[1,2],"9":[1,2],"10":[1,2],"11":[1,2],"12":[1,2],"13":[1,2],"14":[1,2],"15":[1,2],"16":[1,2],"17":[1,2],"18":[1,2],"19":[1,2],"20":[1,2],"21":[1,2],"22":[1,2],"23":[1,2],"24":[1,2],"25":[1,2],"26":[1,2],"27":[1,2],"28":[1,2],"29":[1,2],"30":[1,2],"31":[1,2],"32":[1,2],"33":[1,2],"34":[1,2],"35":[3,0],"36":[2,2]},"_coverageSchema":"1a1c01bbd47fc00a2c39e90264f33305004495a9","hash":"112a5d4d088257afe1890db8287e859ca3af7b84"}
}
