{"E:\\xwolf\\Documents\\pro-moviematch\\components\\Filters.js": {"path":"E:\\xwolf\\Documents\\pro-moviematch\\components\\Filters.js","statementMap":{"0":{"start":{"line":11,"column":4},"end":{"line":15,"column":5}},"1":{"start":{"line":13,"column":6},"end":{"line":13,"column":235}},"2":{"start":{"line":17,"column":4},"end":{"line":17,"column":236}},"3":{"start":{"line":23,"column":14},"end":{"line":23,"column":16}},"4":{"start":{"line":26,"column":4},"end":{"line":28,"column":7}},"5":{"start":{"line":27,"column":8},"end":{"line":27,"column":21}},"6":{"start":{"line":31,"column":6},"end":{"line":33,"column":7}},"7":{"start":{"line":32,"column":8},"end":{"line":32,"column":21}},"8":{"start":{"line":36,"column":6},"end":{"line":38,"column":7}},"9":{"start":{"line":37,"column":8},"end":{"line":37,"column":21}},"10":{"start":{"line":41,"column":6},"end":{"line":43,"column":7}},"11":{"start":{"line":42,"column":8},"end":{"line":42,"column":21}},"12":{"start":{"line":46,"column":6},"end":{"line":48,"column":7}},"13":{"start":{"line":47,"column":8},"end":{"line":47,"column":21}},"14":{"start":{"line":51,"column":6},"end":{"line":53,"column":7}},"15":{"start":{"line":52,"column":8},"end":{"line":52,"column":21}},"16":{"start":{"line":56,"column":6},"end":{"line":58,"column":7}},"17":{"start":{"line":57,"column":8},"end":{"line":57,"column":21}},"18":{"start":{"line":61,"column":6},"end":{"line":63,"column":7}},"19":{"start":{"line":62,"column":8},"end":{"line":62,"column":24}},"20":{"start":{"line":66,"column":6},"end":{"line":68,"column":7}},"21":{"start":{"line":67,"column":8},"end":{"line":67,"column":21}},"22":{"start":{"line":71,"column":6},"end":{"line":73,"column":7}},"23":{"start":{"line":72,"column":8},"end":{"line":72,"column":21}},"24":{"start":{"line":76,"column":6},"end":{"line":78,"column":7}},"25":{"start":{"line":77,"column":8},"end":{"line":77,"column":21}},"26":{"start":{"line":81,"column":6},"end":{"line":83,"column":7}},"27":{"start":{"line":82,"column":8},"end":{"line":82,"column":24}},"28":{"start":{"line":86,"column":6},"end":{"line":88,"column":7}},"29":{"start":{"line":87,"column":8},"end":{"line":87,"column":23}},"30":{"start":{"line":91,"column":6},"end":{"line":93,"column":7}},"31":{"start":{"line":92,"column":8},"end":{"line":92,"column":24}},"32":{"start":{"line":96,"column":6},"end":{"line":98,"column":7}},"33":{"start":{"line":97,"column":8},"end":{"line":97,"column":22}},"34":{"start":{"line":101,"column":6},"end":{"line":103,"column":7}},"35":{"start":{"line":102,"column":8},"end":{"line":102,"column":24}},"36":{"start":{"line":106,"column":6},"end":{"line":108,"column":7}},"37":{"start":{"line":107,"column":8},"end":{"line":107,"column":21}},"38":{"start":{"line":111,"column":6},"end":{"line":113,"column":7}},"39":{"start":{"line":112,"column":8},"end":{"line":112,"column":24}},"40":{"start":{"line":116,"column":6},"end":{"line":118,"column":7}},"41":{"start":{"line":117,"column":8},"end":{"line":117,"column":21}},"42":{"start":{"line":119,"column":6},"end":{"line":119,"column":31}},"43":{"start":{"line":120,"column":4},"end":{"line":120,"column":15}},"44":{"start":{"line":126,"column":14},"end":{"line":126,"column":16}},"45":{"start":{"line":131,"column":6},"end":{"line":135,"column":7}},"46":{"start":{"line":133,"column":8},"end":{"line":133,"column":24}},"47":{"start":{"line":138,"column":6},"end":{"line":142,"column":7}},"48":{"start":{"line":140,"column":8},"end":{"line":140,"column":21}},"49":{"start":{"line":145,"column":6},"end":{"line":149,"column":7}},"50":{"start":{"line":147,"column":8},"end":{"line":147,"column":21}},"51":{"start":{"line":152,"column":6},"end":{"line":156,"column":7}},"52":{"start":{"line":154,"column":8},"end":{"line":154,"column":21}},"53":{"start":{"line":159,"column":6},"end":{"line":163,"column":7}},"54":{"start":{"line":161,"column":8},"end":{"line":161,"column":21}},"55":{"start":{"line":166,"column":6},"end":{"line":170,"column":7}},"56":{"start":{"line":168,"column":8},"end":{"line":168,"column":21}},"57":{"start":{"line":173,"column":6},"end":{"line":177,"column":7}},"58":{"start":{"line":175,"column":8},"end":{"line":175,"column":24}},"59":{"start":{"line":180,"column":6},"end":{"line":184,"column":7}},"60":{"start":{"line":182,"column":8},"end":{"line":182,"column":24}},"61":{"start":{"line":187,"column":6},"end":{"line":191,"column":7}},"62":{"start":{"line":189,"column":8},"end":{"line":189,"column":23}},"63":{"start":{"line":194,"column":6},"end":{"line":198,"column":7}},"64":{"start":{"line":196,"column":8},"end":{"line":196,"column":24}},"65":{"start":{"line":201,"column":6},"end":{"line":205,"column":7}},"66":{"start":{"line":203,"column":8},"end":{"line":203,"column":24}},"67":{"start":{"line":208,"column":6},"end":{"line":212,"column":7}},"68":{"start":{"line":210,"column":8},"end":{"line":210,"column":24}},"69":{"start":{"line":215,"column":6},"end":{"line":219,"column":7}},"70":{"start":{"line":217,"column":8},"end":{"line":217,"column":24}},"71":{"start":{"line":222,"column":6},"end":{"line":226,"column":7}},"72":{"start":{"line":224,"column":8},"end":{"line":224,"column":24}},"73":{"start":{"line":229,"column":6},"end":{"line":233,"column":7}},"74":{"start":{"line":231,"column":8},"end":{"line":231,"column":24}},"75":{"start":{"line":236,"column":6},"end":{"line":240,"column":7}},"76":{"start":{"line":238,"column":8},"end":{"line":238,"column":21}},"77":{"start":{"line":242,"column":4},"end":{"line":242,"column":15}},"78":{"start":{"line":249,"column":4},"end":{"line":252,"column":5}},"79":{"start":{"line":250,"column":6},"end":{"line":250,"column":41}},"80":{"start":{"line":254,"column":4},"end":{"line":254,"column":43}}},"fnMap":{"0":{"name":"contentMovieOrTV","decl":{"start":{"line":7,"column":16},"end":{"line":7,"column":32}},"loc":{"start":{"line":7,"column":62},"end":{"line":18,"column":3}},"line":7},"1":{"name":"movieGenresFilter","decl":{"start":{"line":21,"column":16},"end":{"line":21,"column":33}},"loc":{"start":{"line":21,"column":48},"end":{"line":121,"column":1}},"line":21},"2":{"name":"tvGenresFilter","decl":{"start":{"line":124,"column":16},"end":{"line":124,"column":30}},"loc":{"start":{"line":124,"column":45},"end":{"line":243,"column":1}},"line":124},"3":{"name":"genreToArr","decl":{"start":{"line":246,"column":16},"end":{"line":246,"column":26}},"loc":{"start":{"line":246,"column":54},"end":{"line":256,"column":3}},"line":246}},"branchMap":{"0":{"loc":{"start":{"line":11,"column":4},"end":{"line":15,"column":5}},"type":"if","locations":[{"start":{"line":11,"column":4},"end":{"line":15,"column":5}},{"start":{"line":11,"column":4},"end":{"line":15,"column":5}}],"line":11},"1":{"loc":{"start":{"line":26,"column":4},"end":{"line":28,"column":7}},"type":"if","locations":[{"start":{"line":26,"column":4},"end":{"line":28,"column":7}},{"start":{"line":26,"column":4},"end":{"line":28,"column":7}}],"line":26},"2":{"loc":{"start":{"line":31,"column":6},"end":{"line":33,"column":7}},"type":"if","locations":[{"start":{"line":31,"column":6},"end":{"line":33,"column":7}},{"start":{"line":31,"column":6},"end":{"line":33,"column":7}}],"line":31},"3":{"loc":{"start":{"line":36,"column":6},"end":{"line":38,"column":7}},"type":"if","locations":[{"start":{"line":36,"column":6},"end":{"line":38,"column":7}},{"start":{"line":36,"column":6},"end":{"line":38,"column":7}}],"line":36},"4":{"loc":{"start":{"line":41,"column":6},"end":{"line":43,"column":7}},"type":"if","locations":[{"start":{"line":41,"column":6},"end":{"line":43,"column":7}},{"start":{"line":41,"column":6},"end":{"line":43,"column":7}}],"line":41},"5":{"loc":{"start":{"line":46,"column":6},"end":{"line":48,"column":7}},"type":"if","locations":[{"start":{"line":46,"column":6},"end":{"line":48,"column":7}},{"start":{"line":46,"column":6},"end":{"line":48,"column":7}}],"line":46},"6":{"loc":{"start":{"line":51,"column":6},"end":{"line":53,"column":7}},"type":"if","locations":[{"start":{"line":51,"column":6},"end":{"line":53,"column":7}},{"start":{"line":51,"column":6},"end":{"line":53,"column":7}}],"line":51},"7":{"loc":{"start":{"line":56,"column":6},"end":{"line":58,"column":7}},"type":"if","locations":[{"start":{"line":56,"column":6},"end":{"line":58,"column":7}},{"start":{"line":56,"column":6},"end":{"line":58,"column":7}}],"line":56},"8":{"loc":{"start":{"line":61,"column":6},"end":{"line":63,"column":7}},"type":"if","locations":[{"start":{"line":61,"column":6},"end":{"line":63,"column":7}},{"start":{"line":61,"column":6},"end":{"line":63,"column":7}}],"line":61},"9":{"loc":{"start":{"line":66,"column":6},"end":{"line":68,"column":7}},"type":"if","locations":[{"start":{"line":66,"column":6},"end":{"line":68,"column":7}},{"start":{"line":66,"column":6},"end":{"line":68,"column":7}}],"line":66},"10":{"loc":{"start":{"line":71,"column":6},"end":{"line":73,"column":7}},"type":"if","locations":[{"start":{"line":71,"column":6},"end":{"line":73,"column":7}},{"start":{"line":71,"column":6},"end":{"line":73,"column":7}}],"line":71},"11":{"loc":{"start":{"line":76,"column":6},"end":{"line":78,"column":7}},"type":"if","locations":[{"start":{"line":76,"column":6},"end":{"line":78,"column":7}},{"start":{"line":76,"column":6},"end":{"line":78,"column":7}}],"line":76},"12":{"loc":{"start":{"line":81,"column":6},"end":{"line":83,"column":7}},"type":"if","locations":[{"start":{"line":81,"column":6},"end":{"line":83,"column":7}},{"start":{"line":81,"column":6},"end":{"line":83,"column":7}}],"line":81},"13":{"loc":{"start":{"line":86,"column":6},"end":{"line":88,"column":7}},"type":"if","locations":[{"start":{"line":86,"column":6},"end":{"line":88,"column":7}},{"start":{"line":86,"column":6},"end":{"line":88,"column":7}}],"line":86},"14":{"loc":{"start":{"line":91,"column":6},"end":{"line":93,"column":7}},"type":"if","locations":[{"start":{"line":91,"column":6},"end":{"line":93,"column":7}},{"start":{"line":91,"column":6},"end":{"line":93,"column":7}}],"line":91},"15":{"loc":{"start":{"line":96,"column":6},"end":{"line":98,"column":7}},"type":"if","locations":[{"start":{"line":96,"column":6},"end":{"line":98,"column":7}},{"start":{"line":96,"column":6},"end":{"line":98,"column":7}}],"line":96},"16":{"loc":{"start":{"line":101,"column":6},"end":{"line":103,"column":7}},"type":"if","locations":[{"start":{"line":101,"column":6},"end":{"line":103,"column":7}},{"start":{"line":101,"column":6},"end":{"line":103,"column":7}}],"line":101},"17":{"loc":{"start":{"line":106,"column":6},"end":{"line":108,"column":7}},"type":"if","locations":[{"start":{"line":106,"column":6},"end":{"line":108,"column":7}},{"start":{"line":106,"column":6},"end":{"line":108,"column":7}}],"line":106},"18":{"loc":{"start":{"line":111,"column":6},"end":{"line":113,"column":7}},"type":"if","locations":[{"start":{"line":111,"column":6},"end":{"line":113,"column":7}},{"start":{"line":111,"column":6},"end":{"line":113,"column":7}}],"line":111},"19":{"loc":{"start":{"line":116,"column":6},"end":{"line":118,"column":7}},"type":"if","locations":[{"start":{"line":116,"column":6},"end":{"line":118,"column":7}},{"start":{"line":116,"column":6},"end":{"line":118,"column":7}}],"line":116},"20":{"loc":{"start":{"line":131,"column":6},"end":{"line":135,"column":7}},"type":"if","locations":[{"start":{"line":131,"column":6},"end":{"line":135,"column":7}},{"start":{"line":131,"column":6},"end":{"line":135,"column":7}}],"line":131},"21":{"loc":{"start":{"line":138,"column":6},"end":{"line":142,"column":7}},"type":"if","locations":[{"start":{"line":138,"column":6},"end":{"line":142,"column":7}},{"start":{"line":138,"column":6},"end":{"line":142,"column":7}}],"line":138},"22":{"loc":{"start":{"line":145,"column":6},"end":{"line":149,"column":7}},"type":"if","locations":[{"start":{"line":145,"column":6},"end":{"line":149,"column":7}},{"start":{"line":145,"column":6},"end":{"line":149,"column":7}}],"line":145},"23":{"loc":{"start":{"line":152,"column":6},"end":{"line":156,"column":7}},"type":"if","locations":[{"start":{"line":152,"column":6},"end":{"line":156,"column":7}},{"start":{"line":152,"column":6},"end":{"line":156,"column":7}}],"line":152},"24":{"loc":{"start":{"line":159,"column":6},"end":{"line":163,"column":7}},"type":"if","locations":[{"start":{"line":159,"column":6},"end":{"line":163,"column":7}},{"start":{"line":159,"column":6},"end":{"line":163,"column":7}}],"line":159},"25":{"loc":{"start":{"line":166,"column":6},"end":{"line":170,"column":7}},"type":"if","locations":[{"start":{"line":166,"column":6},"end":{"line":170,"column":7}},{"start":{"line":166,"column":6},"end":{"line":170,"column":7}}],"line":166},"26":{"loc":{"start":{"line":173,"column":6},"end":{"line":177,"column":7}},"type":"if","locations":[{"start":{"line":173,"column":6},"end":{"line":177,"column":7}},{"start":{"line":173,"column":6},"end":{"line":177,"column":7}}],"line":173},"27":{"loc":{"start":{"line":180,"column":6},"end":{"line":184,"column":7}},"type":"if","locations":[{"start":{"line":180,"column":6},"end":{"line":184,"column":7}},{"start":{"line":180,"column":6},"end":{"line":184,"column":7}}],"line":180},"28":{"loc":{"start":{"line":187,"column":6},"end":{"line":191,"column":7}},"type":"if","locations":[{"start":{"line":187,"column":6},"end":{"line":191,"column":7}},{"start":{"line":187,"column":6},"end":{"line":191,"column":7}}],"line":187},"29":{"loc":{"start":{"line":194,"column":6},"end":{"line":198,"column":7}},"type":"if","locations":[{"start":{"line":194,"column":6},"end":{"line":198,"column":7}},{"start":{"line":194,"column":6},"end":{"line":198,"column":7}}],"line":194},"30":{"loc":{"start":{"line":201,"column":6},"end":{"line":205,"column":7}},"type":"if","locations":[{"start":{"line":201,"column":6},"end":{"line":205,"column":7}},{"start":{"line":201,"column":6},"end":{"line":205,"column":7}}],"line":201},"31":{"loc":{"start":{"line":208,"column":6},"end":{"line":212,"column":7}},"type":"if","locations":[{"start":{"line":208,"column":6},"end":{"line":212,"column":7}},{"start":{"line":208,"column":6},"end":{"line":212,"column":7}}],"line":208},"32":{"loc":{"start":{"line":215,"column":6},"end":{"line":219,"column":7}},"type":"if","locations":[{"start":{"line":215,"column":6},"end":{"line":219,"column":7}},{"start":{"line":215,"column":6},"end":{"line":219,"column":7}}],"line":215},"33":{"loc":{"start":{"line":222,"column":6},"end":{"line":226,"column":7}},"type":"if","locations":[{"start":{"line":222,"column":6},"end":{"line":226,"column":7}},{"start":{"line":222,"column":6},"end":{"line":226,"column":7}}],"line":222},"34":{"loc":{"start":{"line":229,"column":6},"end":{"line":233,"column":7}},"type":"if","locations":[{"start":{"line":229,"column":6},"end":{"line":233,"column":7}},{"start":{"line":229,"column":6},"end":{"line":233,"column":7}}],"line":229},"35":{"loc":{"start":{"line":236,"column":6},"end":{"line":240,"column":7}},"type":"if","locations":[{"start":{"line":236,"column":6},"end":{"line":240,"column":7}},{"start":{"line":236,"column":6},"end":{"line":240,"column":7}}],"line":236},"36":{"loc":{"start":{"line":249,"column":4},"end":{"line":252,"column":5}},"type":"if","locations":[{"start":{"line":249,"column":4},"end":{"line":252,"column":5}},{"start":{"line":249,"column":4},"end":{"line":252,"column":5}}],"line":249}},"s":{"0":3,"1":2,"2":1,"3":3,"4":3,"5":3,"6":3,"7":1,"8":3,"9":1,"10":3,"11":1,"12":3,"13":1,"14":3,"15":1,"16":3,"17":1,"18":3,"19":1,"20":3,"21":1,"22":3,"23":1,"24":3,"25":1,"26":3,"27":1,"28":3,"29":1,"30":3,"31":1,"32":3,"33":1,"34":3,"35":1,"36":3,"37":1,"38":3,"39":1,"40":3,"41":1,"42":3,"43":3,"44":3,"45":3,"46":1,"47":3,"48":1,"49":3,"50":1,"51":3,"52":1,"53":3,"54":1,"55":3,"56":1,"57":3,"58":1,"59":3,"60":1,"61":3,"62":1,"63":3,"64":1,"65":3,"66":1,"67":3,"68":1,"69":3,"70":1,"71":3,"72":1,"73":3,"74":1,"75":3,"76":3,"77":3,"78":4,"79":2,"80":2},"f":{"0":3,"1":3,"2":3,"3":4},"b":{"0":[2,1],"1":[3,0],"2":[1,2],"3":[1,2],"4":[1,2],"5":[1,2],"6":[1,2],"7":[1,2],"8":[1,2],"9":[1,2],"10":[1,2],"11":[1,2],"12":[1,2],"13":[1,2],"14":[1,2],"15":[1,2],"16":[1,2],"17":[1,2],"18":[1,2],"19":[1,2],"20":[1,2],"21":[1,2],"22":[1,2],"23":[1,2],"24":[1,2],"25":[1,2],"26":[1,2],"27":[1,2],"28":[1,2],"29":[1,2],"30":[1,2],"31":[1,2],"32":[1,2],"33":[1,2],"34":[1,2],"35":[3,0],"36":[2,2]},"_coverageSchema":"1a1c01bbd47fc00a2c39e90264f33305004495a9","hash":"2f9363c6853a808b75b8530a01465aa0bc553cee"}
}
