TN:
SF:components\ContentGenreToString.js
FN:1,genreToString
FNF:1
FNH:1
FNDA:3,genreToString
DA:2,3
DA:4,3
DA:6,30
DA:7,2
DA:10,28
DA:11,1
DA:14,27
DA:15,1
DA:18,26
DA:19,1
DA:22,25
DA:23,1
DA:26,24
DA:27,1
DA:30,23
DA:31,1
DA:34,22
DA:35,1
DA:38,21
DA:39,1
DA:42,20
DA:43,1
DA:46,19
DA:47,1
DA:54,18
DA:55,1
DA:58,17
DA:59,1
DA:62,16
DA:63,1
DA:66,15
DA:67,2
DA:70,13
DA:71,1
DA:74,12
DA:75,1
DA:78,11
DA:79,1
DA:82,10
DA:83,1
DA:86,9
DA:87,1
DA:90,8
DA:91,1
DA:94,7
DA:95,1
DA:98,6
DA:99,1
DA:102,5
DA:103,1
DA:106,4
DA:107,1
DA:110,3
DA:111,1
DA:114,2
DA:115,2
DA:118,3
LF:57
LH:57
BRDA:6,0,0,2
BRDA:6,0,1,28
BRDA:10,1,0,1
BRDA:10,1,1,27
BRDA:14,2,0,1
BRDA:14,2,1,26
BRDA:18,3,0,1
BRDA:18,3,1,25
BRDA:22,4,0,1
BRDA:22,4,1,24
BRDA:26,5,0,1
BRDA:26,5,1,23
BRDA:30,6,0,1
BRDA:30,6,1,22
BRDA:34,7,0,1
BRDA:34,7,1,21
BRDA:38,8,0,1
BRDA:38,8,1,20
BRDA:42,9,0,1
BRDA:42,9,1,19
BRDA:46,10,0,1
BRDA:46,10,1,18
BRDA:54,11,0,1
BRDA:54,11,1,17
BRDA:58,12,0,1
BRDA:58,12,1,16
BRDA:62,13,0,1
BRDA:62,13,1,15
BRDA:66,14,0,2
BRDA:66,14,1,13
BRDA:70,15,0,1
BRDA:70,15,1,12
BRDA:74,16,0,1
BRDA:74,16,1,11
BRDA:78,17,0,1
BRDA:78,17,1,10
BRDA:82,18,0,1
BRDA:82,18,1,9
BRDA:86,19,0,1
BRDA:86,19,1,8
BRDA:90,20,0,1
BRDA:90,20,1,7
BRDA:94,21,0,1
BRDA:94,21,1,6
BRDA:98,22,0,1
BRDA:98,22,1,5
BRDA:102,23,0,1
BRDA:102,23,1,4
BRDA:106,24,0,1
BRDA:106,24,1,3
BRDA:110,25,0,1
BRDA:110,25,1,2
BRDA:114,26,0,2
BRDA:114,26,1,0
BRF:54
BRH:53
end_of_record
TN:
SF:components\Filters.js
FN:48,contentMovieOrTV
FN:67,movieGenresFilter
FN:175,tvGenresFilter
FN:302,genreToArr
FNF:4
FNH:4
FNDA:3,contentMovieOrTV
FNDA:3,movieGenresFilter
FNDA:3,tvGenresFilter
FNDA:4,genreToArr
DA:52,3
DA:54,2
DA:58,1
DA:69,3
DA:72,3
DA:73,3
DA:77,3
DA:78,1
DA:82,3
DA:83,1
DA:87,3
DA:88,1
DA:92,3
DA:93,1
DA:97,3
DA:98,1
DA:102,3
DA:103,1
DA:107,3
DA:108,1
DA:112,3
DA:113,1
DA:117,3
DA:118,1
DA:122,3
DA:123,1
DA:127,3
DA:128,1
DA:132,3
DA:133,1
DA:137,3
DA:138,1
DA:142,3
DA:143,1
DA:147,3
DA:148,1
DA:152,3
DA:153,1
DA:157,3
DA:158,1
DA:162,3
DA:163,1
DA:166,3
DA:177,3
DA:182,3
DA:184,1
DA:189,3
DA:191,1
DA:196,3
DA:198,1
DA:203,3
DA:205,1
DA:210,3
DA:212,1
DA:217,3
DA:219,1
DA:224,3
DA:226,1
DA:231,3
DA:233,1
DA:238,3
DA:240,1
DA:245,3
DA:247,1
DA:252,3
DA:254,1
DA:259,3
DA:261,1
DA:266,3
DA:268,1
DA:273,3
DA:275,1
DA:280,3
DA:282,1
DA:287,3
DA:289,3
DA:293,3
DA:304,4
DA:305,2
DA:309,2
LF:80
LH:80
BRDA:52,0,0,2
BRDA:52,0,1,1
BRDA:72,1,0,3
BRDA:72,1,1,0
BRDA:77,2,0,1
BRDA:77,2,1,2
BRDA:82,3,0,1
BRDA:82,3,1,2
BRDA:87,4,0,1
BRDA:87,4,1,2
BRDA:92,5,0,1
BRDA:92,5,1,2
BRDA:97,6,0,1
BRDA:97,6,1,2
BRDA:102,7,0,1
BRDA:102,7,1,2
BRDA:107,8,0,1
BRDA:107,8,1,2
BRDA:112,9,0,1
BRDA:112,9,1,2
BRDA:117,10,0,1
BRDA:117,10,1,2
BRDA:122,11,0,1
BRDA:122,11,1,2
BRDA:127,12,0,1
BRDA:127,12,1,2
BRDA:132,13,0,1
BRDA:132,13,1,2
BRDA:137,14,0,1
BRDA:137,14,1,2
BRDA:142,15,0,1
BRDA:142,15,1,2
BRDA:147,16,0,1
BRDA:147,16,1,2
BRDA:152,17,0,1
BRDA:152,17,1,2
BRDA:157,18,0,1
BRDA:157,18,1,2
BRDA:162,19,0,1
BRDA:162,19,1,2
BRDA:182,20,0,1
BRDA:182,20,1,2
BRDA:189,21,0,1
BRDA:189,21,1,2
BRDA:196,22,0,1
BRDA:196,22,1,2
BRDA:203,23,0,1
BRDA:203,23,1,2
BRDA:210,24,0,1
BRDA:210,24,1,2
BRDA:217,25,0,1
BRDA:217,25,1,2
BRDA:224,26,0,1
BRDA:224,26,1,2
BRDA:231,27,0,1
BRDA:231,27,1,2
BRDA:238,28,0,1
BRDA:238,28,1,2
BRDA:245,29,0,1
BRDA:245,29,1,2
BRDA:252,30,0,1
BRDA:252,30,1,2
BRDA:259,31,0,1
BRDA:259,31,1,2
BRDA:266,32,0,1
BRDA:266,32,1,2
BRDA:273,33,0,1
BRDA:273,33,1,2
BRDA:280,34,0,1
BRDA:280,34,1,2
BRDA:287,35,0,3
BRDA:287,35,1,0
BRDA:304,36,0,2
BRDA:304,36,1,2
BRF:74
BRH:72
end_of_record
