TN:
SF:components\Filters.js
FN:7,contentMovieOrTV
FN:21,movieGenresFilter
FN:124,tvGenresFilter
FN:246,genreToArr
FNF:4
FNH:4
FNDA:3,contentMovieOrTV
FNDA:3,movieGenresFilter
FNDA:3,tvGenresFilter
FNDA:4,genreToArr
DA:11,3
DA:13,2
DA:17,1
DA:23,3
DA:26,3
DA:27,3
DA:31,3
DA:32,1
DA:36,3
DA:37,1
DA:41,3
DA:42,1
DA:46,3
DA:47,1
DA:51,3
DA:52,1
DA:56,3
DA:57,1
DA:61,3
DA:62,1
DA:66,3
DA:67,1
DA:71,3
DA:72,1
DA:76,3
DA:77,1
DA:81,3
DA:82,1
DA:86,3
DA:87,1
DA:91,3
DA:92,1
DA:96,3
DA:97,1
DA:101,3
DA:102,1
DA:106,3
DA:107,1
DA:111,3
DA:112,1
DA:116,3
DA:117,1
DA:119,3
DA:120,3
DA:126,3
DA:131,3
DA:133,1
DA:138,3
DA:140,1
DA:145,3
DA:147,1
DA:152,3
DA:154,1
DA:159,3
DA:161,1
DA:166,3
DA:168,1
DA:173,3
DA:175,1
DA:180,3
DA:182,1
DA:187,3
DA:189,1
DA:194,3
DA:196,1
DA:201,3
DA:203,1
DA:208,3
DA:210,1
DA:215,3
DA:217,1
DA:222,3
DA:224,1
DA:229,3
DA:231,1
DA:236,3
DA:238,3
DA:242,3
DA:249,4
DA:250,2
DA:254,2
LF:81
LH:81
BRDA:11,0,0,2
BRDA:11,0,1,1
BRDA:26,1,0,3
BRDA:26,1,1,0
BRDA:31,2,0,1
BRDA:31,2,1,2
BRDA:36,3,0,1
BRDA:36,3,1,2
BRDA:41,4,0,1
BRDA:41,4,1,2
BRDA:46,5,0,1
BRDA:46,5,1,2
BRDA:51,6,0,1
BRDA:51,6,1,2
BRDA:56,7,0,1
BRDA:56,7,1,2
BRDA:61,8,0,1
BRDA:61,8,1,2
BRDA:66,9,0,1
BRDA:66,9,1,2
BRDA:71,10,0,1
BRDA:71,10,1,2
BRDA:76,11,0,1
BRDA:76,11,1,2
BRDA:81,12,0,1
BRDA:81,12,1,2
BRDA:86,13,0,1
BRDA:86,13,1,2
BRDA:91,14,0,1
BRDA:91,14,1,2
BRDA:96,15,0,1
BRDA:96,15,1,2
BRDA:101,16,0,1
BRDA:101,16,1,2
BRDA:106,17,0,1
BRDA:106,17,1,2
BRDA:111,18,0,1
BRDA:111,18,1,2
BRDA:116,19,0,1
BRDA:116,19,1,2
BRDA:131,20,0,1
BRDA:131,20,1,2
BRDA:138,21,0,1
BRDA:138,21,1,2
BRDA:145,22,0,1
BRDA:145,22,1,2
BRDA:152,23,0,1
BRDA:152,23,1,2
BRDA:159,24,0,1
BRDA:159,24,1,2
BRDA:166,25,0,1
BRDA:166,25,1,2
BRDA:173,26,0,1
BRDA:173,26,1,2
BRDA:180,27,0,1
BRDA:180,27,1,2
BRDA:187,28,0,1
BRDA:187,28,1,2
BRDA:194,29,0,1
BRDA:194,29,1,2
BRDA:201,30,0,1
BRDA:201,30,1,2
BRDA:208,31,0,1
BRDA:208,31,1,2
BRDA:215,32,0,1
BRDA:215,32,1,2
BRDA:222,33,0,1
BRDA:222,33,1,2
BRDA:229,34,0,1
BRDA:229,34,1,2
BRDA:236,35,0,3
BRDA:236,35,1,0
BRDA:249,36,0,2
BRDA:249,36,1,2
BRF:74
BRH:72
end_of_record
